<?xml version="1.0" encoding="UTF-8"?>
<!-- Generated by org.testng.reporters.JUnitReportReporter -->
<testsuite name="httpClientTest.MyCookiesForGet" tests="2" time="0.526" ignored="0" failures="0" timestamp="21 十一月 2019 03:10:46 GMT" skipped="0" hostname="DESKTOP-F5L0EC6" errors="0">
  <testcase name="testGetCookies" time="0.513" classname="httpClientTest.MyCookiesForGet"/>
  <testcase name="testGetWithCookies" time="0.013" classname="httpClientTest.MyCookiesForGet"/>
</testsuite> <!-- httpClientTest.MyCookiesForGet -->
