<?xml version="1.0" encoding="UTF-8"?>
<!-- Generated by org.testng.reporters.JUnitReportReporter -->
<testsuite name="httpClientTest.MyCookiesForPost" tests="2" time="0.590" ignored="0" failures="0" timestamp="21 十一月 2019 03:23:11 GMT" skipped="0" hostname="DESKTOP-F5L0EC6" errors="0">
  <testcase name="getCookies" time="0.570" classname="httpClientTest.MyCookiesForPost"/>
  <testcase name="sendPostWithCookies" time="0.020" classname="httpClientTest.MyCookiesForPost"/>
</testsuite> <!-- httpClientTest.MyCookiesForPost -->
