<?xml version="1.0" encoding="UTF-8"?>
<!-- Generated by org.testng.reporters.JUnitReportReporter -->
<testsuite name="httpClientTest.MyCookiesForGet" tests="1" time="0.516" ignored="0" failures="0" timestamp="20 九月 2019 07:49:48 GMT" skipped="0" hostname="DESKTOP-F5L0EC6" errors="0">
  <testcase name="testGetCookies" time="0.516" classname="httpClientTest.MyCookiesForGet"/>
</testsuite> <!-- httpClientTest.MyCookiesForGet -->
