<?xml version="1.0" encoding="UTF-8"?>
<!-- Generated by org.testng.reporters.JUnitReportReporter -->
<testsuite name="httpClientTest.HttpClientTest" tests="1" time="0.809" ignored="0" failures="0" timestamp="19 九月 2019 09:00:15 GMT" skipped="0" hostname="DESKTOP-F5L0EC6" errors="0">
  <testcase name="HClientTest" time="0.809" classname="httpClientTest.HttpClientTest"/>
</testsuite> <!-- httpClientTest.HttpClientTest -->
